0 info it worked if it ends with ok
1 verbose cli [ 'node', '/usr/local/bin/npm', 'install', '-g', 'bower' ]
2 info using npm@2.10.1
3 info using node@v0.12.4
4 verbose install initial load of /usr/local/lib/package.json
5 verbose readDependencies loading dependencies from /usr/local/lib/package.json
6 silly cache add args [ 'bower', null ]
7 verbose cache add spec bower
8 silly cache add parsed spec { raw: 'bower',
8 silly cache add   scope: null,
8 silly cache add   name: 'bower',
8 silly cache add   rawSpec: '',
8 silly cache add   spec: '*',
8 silly cache add   type: 'range' }
9 silly addNamed bower@*
10 verbose addNamed "*" is a valid semver range for bower
11 silly addNameRange { name: 'bower', range: '*', hasData: false }
12 silly mapToRegistry name bower
13 silly mapToRegistry using default registry
14 silly mapToRegistry registry https://registry.npmjs.org/
15 silly mapToRegistry uri https://registry.npmjs.org/bower
16 verbose addNameRange registry:https://registry.npmjs.org/bower not in flight; fetching
17 verbose request uri https://registry.npmjs.org/bower
18 verbose request no auth needed
19 info attempt registry request try #1 at 8:11:56 PM
20 verbose request id 0ace24163fc5b450
21 verbose etag "ORY6MZ83PKGOE5M48YDC1HFJ"
22 http request GET https://registry.npmjs.org/bower
23 http 304 https://registry.npmjs.org/bower
24 silly get cb [ 304,
24 silly get   { date: 'Wed, 06 Jan 2016 01:11:56 GMT',
24 silly get     via: '1.1 varnish',
24 silly get     'cache-control': 'max-age=300',
24 silly get     etag: '"ORY6MZ83PKGOE5M48YDC1HFJ"',
24 silly get     age: '196',
24 silly get     connection: 'keep-alive',
24 silly get     'x-served-by': 'cache-jfk1026-JFK',
24 silly get     'x-cache': 'HIT',
24 silly get     'x-cache-hits': '3',
24 silly get     'x-timer': 'S1452042716.794647,VS0,VE0',
24 silly get     vary: 'Accept' } ]
25 verbose etag https://registry.npmjs.org/bower from cache
26 verbose get saving bower to /Users/bval/.npm/registry.npmjs.org/bower/.cache.json
27 silly addNameRange number 2 { name: 'bower', range: '*', hasData: true }
28 silly addNameRange versions [ 'bower',
28 silly addNameRange   [ '0.1.0',
28 silly addNameRange     '0.1.2',
28 silly addNameRange     '0.1.3',
28 silly addNameRange     '0.2.0',
28 silly addNameRange     '0.3.0',
28 silly addNameRange     '0.3.1',
28 silly addNameRange     '0.3.2',
28 silly addNameRange     '0.4.0',
28 silly addNameRange     '0.5.0',
28 silly addNameRange     '0.5.1',
28 silly addNameRange     '0.6.0',
28 silly addNameRange     '0.6.1',
28 silly addNameRange     '0.6.2',
28 silly addNameRange     '0.6.3',
28 silly addNameRange     '0.6.4',
28 silly addNameRange     '0.6.5',
28 silly addNameRange     '0.6.6',
28 silly addNameRange     '0.6.7',
28 silly addNameRange     '0.6.8',
28 silly addNameRange     '0.7.0',
28 silly addNameRange     '0.7.1',
28 silly addNameRange     '0.8.0',
28 silly addNameRange     '0.8.1',
28 silly addNameRange     '0.8.2',
28 silly addNameRange     '0.8.3',
28 silly addNameRange     '0.8.4',
28 silly addNameRange     '0.8.5',
28 silly addNameRange     '0.8.6',
28 silly addNameRange     '0.9.0',
28 silly addNameRange     '0.9.1',
28 silly addNameRange     '0.9.2',
28 silly addNameRange     '0.10.0',
28 silly addNameRange     '1.0.0',
28 silly addNameRange     '1.0.1',
28 silly addNameRange     '1.0.2',
28 silly addNameRange     '1.0.3',
28 silly addNameRange     '1.1.0',
28 silly addNameRange     '1.1.1',
28 silly addNameRange     '1.1.2',
28 silly addNameRange     '1.2.0',
28 silly addNameRange     '1.2.1',
28 silly addNameRange     '1.2.2',
28 silly addNameRange     '1.2.3',
28 silly addNameRange     '1.2.4',
28 silly addNameRange     '1.2.5',
28 silly addNameRange     '1.2.6',
28 silly addNameRange     '1.2.7',
28 silly addNameRange     '1.2.8',
28 silly addNameRange     '1.3.0',
28 silly addNameRange     '1.3.1',
28 silly addNameRange     '1.3.2',
28 silly addNameRange     '1.3.3',
28 silly addNameRange     '1.3.4',
28 silly addNameRange     '1.3.5',
28 silly addNameRange     '1.3.6',
28 silly addNameRange     '1.3.7',
28 silly addNameRange     '1.3.8',
28 silly addNameRange     '1.3.9',
28 silly addNameRange     '1.3.10',
28 silly addNameRange     '1.3.11',
28 silly addNameRange     '1.3.12',
28 silly addNameRange     '1.4.0',
28 silly addNameRange     '1.4.1',
28 silly addNameRange     '1.5.0',
28 silly addNameRange     '1.5.1',
28 silly addNameRange     '1.5.2',
28 silly addNameRange     '1.5.3',
28 silly addNameRange     '1.6.2',
28 silly addNameRange     '1.6.3',
28 silly addNameRange     '1.6.4',
28 silly addNameRange     '1.6.5',
28 silly addNameRange     '1.5.4',
28 silly addNameRange     '1.4.2',
28 silly addNameRange     '1.6.6',
28 silly addNameRange     '1.6.7',
28 silly addNameRange     '1.6.8',
28 silly addNameRange     '1.6.9',
28 silly addNameRange     '1.7.0',
28 silly addNameRange     '1.7.1',
28 silly addNameRange     '1.7.2' ] ]
29 silly addNamed bower@1.7.2
30 verbose addNamed "1.7.2" is a plain semver version for bower
31 silly cache afterAdd bower@1.7.2
32 verbose afterAdd /Users/bval/.npm/bower/1.7.2/package/package.json not in flight; writing
33 verbose afterAdd /Users/bval/.npm/bower/1.7.2/package/package.json written
34 silly install resolved [ { name: 'bower',
34 silly install resolved     version: '1.7.2',
34 silly install resolved     description: 'The browser package manager',
34 silly install resolved     author: { name: 'Twitter' },
34 silly install resolved     license: 'MIT',
34 silly install resolved     repository: { type: 'git', url: 'git+https://github.com/bower/bower.git' },
34 silly install resolved     main: 'lib',
34 silly install resolved     homepage: 'http://bower.io',
34 silly install resolved     engines: { node: '>=0.10.0' },
34 silly install resolved     keywords: [ 'bower' ],
34 silly install resolved     dependencies:
34 silly install resolved      { abbrev: '^1.0.5',
34 silly install resolved        archy: '1.0.0',
34 silly install resolved        'bower-config': '^1.3.0',
34 silly install resolved        'bower-endpoint-parser': '^0.2.2',
34 silly install resolved        'bower-json': '^0.4.0',
34 silly install resolved        'bower-logger': '^0.2.2',
34 silly install resolved        'bower-registry-client': '^1.0.0',
34 silly install resolved        cardinal: '0.4.4',
34 silly install resolved        chalk: '^1.0.0',
34 silly install resolved        chmodr: '^1.0.2',
34 silly install resolved        configstore: '^0.3.2',
34 silly install resolved        'decompress-zip': '^0.1.0',
34 silly install resolved        destroy: '^1.0.3',
34 silly install resolved        'fs-write-stream-atomic': '1.0.5',
34 silly install resolved        fstream: '^1.0.3',
34 silly install resolved        'fstream-ignore': '^1.0.2',
34 silly install resolved        github: '^0.2.3',
34 silly install resolved        glob: '^4.3.2',
34 silly install resolved        'graceful-fs': '^3.0.5',
34 silly install resolved        handlebars: '^2.0.0',
34 silly install resolved        inquirer: '0.10.0',
34 silly install resolved        insight: '^0.7.0',
34 silly install resolved        'is-root': '^1.0.0',
34 silly install resolved        junk: '^1.0.0',
34 silly install resolved        lockfile: '^1.0.0',
34 silly install resolved        'lru-cache': '^2.5.0',
34 silly install resolved        'md5-hex': '^1.0.2',
34 silly install resolved        mkdirp: '0.5.0',
34 silly install resolved        mout: '^0.11.0',
34 silly install resolved        nopt: '^3.0.1',
34 silly install resolved        opn: '^1.0.1',
34 silly install resolved        'p-throttler': '0.1.1',
34 silly install resolved        promptly: '0.2.0',
34 silly install resolved        q: '^1.1.2',
34 silly install resolved        request: '2.53.0',
34 silly install resolved        'request-progress': '0.3.1',
34 silly install resolved        retry: '0.6.1',
34 silly install resolved        rimraf: '^2.2.8',
34 silly install resolved        semver: '^2.3.0',
34 silly install resolved        'semver-utils': '^1.1.1',
34 silly install resolved        'shell-quote': '^1.4.2',
34 silly install resolved        'stringify-object': '^1.0.0',
34 silly install resolved        'tar-fs': '^1.4.1',
34 silly install resolved        tmp: '0.0.24',
34 silly install resolved        'update-notifier': '^0.6.0',
34 silly install resolved        'user-home': '^1.1.0',
34 silly install resolved        which: '^1.0.8' },
34 silly install resolved     devDependencies:
34 silly install resolved      { chai: '^1.10.0',
34 silly install resolved        coveralls: '^2.11.2',
34 silly install resolved        'expect.js': '^0.3.1',
34 silly install resolved        grunt: '^0.4.5',
34 silly install resolved        'grunt-cli': '^0.1.13',
34 silly install resolved        'grunt-contrib-jshint': '^0.10.0',
34 silly install resolved        'grunt-contrib-watch': '^0.6.1',
34 silly install resolved        'grunt-exec': '^0.4.6',
34 silly install resolved        'grunt-jscs': '^2.3.0',
34 silly install resolved        'grunt-simple-mocha': '^0.4.0',
34 silly install resolved        istanbul: '^0.3.5',
34 silly install resolved        'load-grunt-tasks': '^2.0.0',
34 silly install resolved        mocha: '^2.1.0',
34 silly install resolved        multiline: '^1.0.2',
34 silly install resolved        nock: '^3.1.0',
34 silly install resolved        'node-uuid': '^1.4.2',
34 silly install resolved        proxyquire: '^1.3.0',
34 silly install resolved        'spawn-sync': '1.0.13' },
34 silly install resolved     scripts:
34 silly install resolved      { test: 'grunt test',
34 silly install resolved        ci: 'grunt travis',
34 silly install resolved        coveralls: 'coveralls' },
34 silly install resolved     bin: { bower: 'bin/bower' },
34 silly install resolved     files: [ 'bin', 'lib', 'templates' ],
34 silly install resolved     gitHead: 'a2f21e2703df020617bc35bbc2fb823c8a14b885',
34 silly install resolved     bugs: { url: 'https://github.com/bower/bower/issues' },
34 silly install resolved     bundleDependencies:
34 silly install resolved      [ 'abbrev',
34 silly install resolved        'archy',
34 silly install resolved        'bower-config',
34 silly install resolved        'bower-endpoint-parser',
34 silly install resolved        'bower-json',
34 silly install resolved        'bower-logger',
34 silly install resolved        'bower-registry-client',
34 silly install resolved        'cardinal',
34 silly install resolved        'chalk',
34 silly install resolved        'chmodr',
34 silly install resolved        'configstore',
34 silly install resolved        'decompress-zip',
34 silly install resolved        'destroy',
34 silly install resolved        'fs-write-stream-atomic',
34 silly install resolved        'fstream',
34 silly install resolved        'fstream-ignore',
34 silly install resolved        'github',
34 silly install resolved        'glob',
34 silly install resolved        'graceful-fs',
34 silly install resolved        'handlebars',
34 silly install resolved        'inquirer',
34 silly install resolved        'insight',
34 silly install resolved        'is-root',
34 silly install resolved        'junk',
34 silly install resolved        'lockfile',
34 silly install resolved        'lru-cache',
34 silly install resolved        'md5-hex',
34 silly install resolved        'mkdirp',
34 silly install resolved        'mout',
34 silly install resolved        'nopt',
34 silly install resolved        'opn',
34 silly install resolved        'p-throttler',
34 silly install resolved        'promptly',
34 silly install resolved        'q',
34 silly install resolved        'request',
34 silly install resolved        'request-progress',
34 silly install resolved        'retry',
34 silly install resolved        'rimraf',
34 silly install resolved        'semver',
34 silly install resolved        'shell-quote',
34 silly install resolved        'stringify-object',
34 silly install resolved        'tar-fs',
34 silly install resolved        'tmp',
34 silly install resolved        'update-notifier',
34 silly install resolved        'user-home',
34 silly install resolved        'which' ],
34 silly install resolved     _id: 'bower@1.7.2',
34 silly install resolved     _shasum: 'b04228f9970f11777017e64ae39d71f9346c9575',
34 silly install resolved     _from: 'bower@*',
34 silly install resolved     _npmVersion: '2.14.15',
34 silly install resolved     _nodeVersion: '4.2.3',
34 silly install resolved     _npmUser: { name: 'vladikoff', email: 'vlad@vladikoff.com' },
34 silly install resolved     maintainers:
34 silly install resolved      [ [Object],
34 silly install resolved        [Object],
34 silly install resolved        [Object],
34 silly install resolved        [Object],
34 silly install resolved        [Object],
34 silly install resolved        [Object],
34 silly install resolved        [Object] ],
34 silly install resolved     dist:
34 silly install resolved      { shasum: 'b04228f9970f11777017e64ae39d71f9346c9575',
34 silly install resolved        tarball: 'http://registry.npmjs.org/bower/-/bower-1.7.2.tgz' },
34 silly install resolved     directories: {},
34 silly install resolved     _resolved: 'https://registry.npmjs.org/bower/-/bower-1.7.2.tgz',
34 silly install resolved     readme: 'ERROR: No README data found!' } ]
35 info install bower@1.7.2 into /usr/local/lib
36 info installOne bower@1.7.2
37 verbose installOne of bower to /usr/local/lib not in flight; installing
38 verbose lock using /Users/bval/.npm/_locks/bower-e8debc5417026b57.lock for /usr/local/lib/node_modules/bower
39 silly install write writing bower 1.7.2 to /usr/local/lib/node_modules/bower
40 verbose unbuild lib/node_modules/bower
41 info preuninstall bower@1.6.5
42 info uninstall bower@1.6.5
43 verbose unbuild rmStuff bower@1.6.5 from /usr/local/lib/node_modules
44 silly gentlyRm /usr/local/bin/bower is being gently removed
45 silly gentlyRm verifying /usr/local is an npm working directory
46 silly gentlyRm containing path /usr/local is under npm's control, in /usr/local
47 silly gentlyRm deletion target /usr/local/bin/bower is under /usr/local
48 verbose gentlyRm vacuuming from /usr/local/bin/bower up to /usr/local
49 silly vacuum-fs removing /usr/local/bin/bower
50 silly vacuum-fs quitting because other entries in /usr/local/bin
51 info postuninstall bower@1.6.5
52 silly gentlyRm /usr/local/lib/node_modules/bower is being purged from base /usr/local
53 verbose gentlyRm don't care about contents; nuking /usr/local/lib/node_modules/bower
54 silly vacuum-fs purging /usr/local/lib/node_modules/bower
55 verbose unlock done using /Users/bval/.npm/_locks/bower-e8debc5417026b57.lock for /usr/local/lib/node_modules/bower
56 verbose stack Error: EACCES, rmdir '/usr/local/lib/node_modules/bower'
56 verbose stack     at Error (native)
57 verbose cwd /Users/bval/Sites/spa/angular/stockDog
58 error Darwin 14.3.0
59 error argv "node" "/usr/local/bin/npm" "install" "-g" "bower"
60 error node v0.12.4
61 error npm  v2.10.1
62 error path /usr/local/lib/node_modules/bower
63 error code EACCES
64 error errno -13
65 error Error: EACCES, rmdir '/usr/local/lib/node_modules/bower'
65 error     at Error (native)
65 error  { [Error: EACCES, rmdir '/usr/local/lib/node_modules/bower']
65 error   errno: -13,
65 error   code: 'EACCES',
65 error   path: '/usr/local/lib/node_modules/bower' }
66 error Please try running this command again as root/Administrator.
67 verbose exit [ -13, true ]
68 verbose unbuild lib/node_modules/bower
69 info preuninstall bower@1.6.5
70 info uninstall bower@1.6.5
71 verbose unbuild rmStuff bower@1.6.5 from /usr/local/lib/node_modules
72 silly gentlyRm /usr/local/bin/bower is being gently removed
73 silly gentlyRm verifying /usr/local is an npm working directory
74 silly gentlyRm containing path /usr/local is under npm's control, in /usr/local
75 silly gentlyRm deletion target /usr/local/bin/bower is under /usr/local
76 verbose gentlyRm vacuuming from /usr/local/bin/bower up to /usr/local
77 info postuninstall bower@1.6.5
78 silly gentlyRm /usr/local/lib/node_modules/bower is being purged from base /usr/local
79 verbose gentlyRm don't care about contents; nuking /usr/local/lib/node_modules/bower
80 silly vacuum-fs purging /usr/local/lib/node_modules/bower
81 error error rolling back Error: EACCES, rmdir '/usr/local/lib/node_modules/bower'
81 error error rolling back     at Error (native)
81 error error rolling back  { [Error: EACCES, rmdir '/usr/local/lib/node_modules/bower']
81 error error rolling back   errno: -13,
81 error error rolling back   code: 'EACCES',
81 error error rolling back   path: '/usr/local/lib/node_modules/bower' }
